{
	"meta": {
		"version": "5.5",
		"timestamp": "2021-09-26T16:31:12.067697",
		"branch_coverage": true,
		"show_contexts": false
	},
	"files": {
		"main.py": {
			"executed_lines": [
				1, 2, 3, 4, 5, 6, 9, 13, 16, 17, 18, 19, 20, 24, 25, 28, 29, 30, 31, 32, 33, 36, 38, 39, 45, 49, 50, 51, 55, 57,
				61, 62, 64, 71
			],
			"summary": {
				"covered_lines": 33,
				"num_statements": 33,
				"percent_covered": 100.0,
				"missing_lines": 0,
				"excluded_lines": 2,
				"num_branches": 0,
				"num_partial_branches": 0,
				"covered_branches": 0,
				"missing_branches": 0
			},
			"missing_lines": [],
			"excluded_lines": [71, 73]
		}
	},
	"totals": {
		"covered_lines": 33,
		"num_statements": 33,
		"percent_covered": 100.0,
		"missing_lines": 0,
		"excluded_lines": 2,
		"num_branches": 0,
		"num_partial_branches": 0,
		"covered_branches": 0,
		"missing_branches": 0
	}
}
